<?xml version="1.0" encoding="UTF-8"?>
<!-- Generated by org.testng.reporters.JUnitReportReporter -->
<testsuite hostname="DESKTOP-K9OTC1E" failures="0" tests="1" name="testing.demo.SelTesting" time="2.864" errors="0" timestamp="2021-05-21T03:45:37 CST" skipped="0">
  <testcase classname="testing.demo.SelTesting" name="test" time="2.864"/>
  <system-out/>
</testsuite> <!-- testing.demo.SelTesting -->
