<?xml version="1.0" encoding="UTF-8"?>
<!-- Generated by org.testng.reporters.JUnitReportReporter -->
<testsuite hostname="DESKTOP-K9OTC1E" failures="0" tests="1" name="testing.demo.SelTesting" time="1.706" errors="0" timestamp="2021-05-19T00:56:38 CST" skipped="0">
  <testcase classname="testing.demo.SelTesting" name="test" time="1.706"/>
  <system-out/>
</testsuite> <!-- testing.demo.SelTesting -->
