<?xml version="1.0" encoding="UTF-8"?>
<!-- Generated by org.testng.reporters.JUnitReportReporter -->
<testsuite hostname="DESKTOP-K9OTC1E" failures="0" tests="3" name="testing.demo.SelTesting" time="2.931" errors="0" timestamp="2021-05-21T04:39:54 CST" skipped="0">
  <testcase classname="testing.demo.SelTesting" name="test" time="2.763"/>
  <system-out/>
  <testcase classname="testing.demo.SelTesting" name="testGroupOne" time="0.074"/>
  <system-out/>
  <testcase classname="testing.demo.SelTesting" name="testGroupTwo" time="0.094"/>
  <system-out/>
</testsuite> <!-- testing.demo.SelTesting -->
